#
# There is insufficient memory for the Java Runtime Environment to continue.
# Native memory allocation (malloc) failed to allocate 460496 bytes for Chunk::new
# Possible reasons:
#   The system is out of physical RAM or swap space
#   The process is running with CompressedOops enabled, and the Java Heap may be blocking the growth of the native heap
# Possible solutions:
#   Reduce memory load on the system
#   Increase physical memory or swap space
#   Check if swap backing store is full
#   Decrease Java heap size (-Xmx/-Xms)
#   Decrease number of Java threads
#   Decrease Java thread stack sizes (-Xss)
#   Set larger code cache with -XX:ReservedCodeCacheSize=
#   JVM is running with Unscaled Compressed Oops mode in which the Java heap is
#     placed in the first 4GB address space. The Java Heap base address is the
#     maximum limit for the native heap growth. Please use -XX:HeapBaseMinAddress
#     to set the Java Heap base and to place the Java Heap above 4GB virtual address.
# This output file may be truncated or incomplete.
#
#  Out of Memory Error (./src/hotspot/share/memory/arena.cpp:197), pid=8840, tid=5932
#
# JRE version: OpenJDK Runtime Environment (11.0.10) (build 11.0.10+0-b96-7249189)
# Java VM: OpenJDK 64-Bit Server VM (11.0.10+0-b96-7249189, mixed mode, tiered, compressed oops, g1 gc, windows-amd64)
# No core dump will be written. Minidumps are not enabled by default on client versions of Windows
#

---------------  S U M M A R Y ------------

Command Line: --add-opens=java.base/java.util=ALL-UNNAMED --add-opens=java.base/java.lang=ALL-UNNAMED --add-opens=java.base/java.lang.invoke=ALL-UNNAMED --add-opens=java.prefs/java.util.prefs=ALL-UNNAMED -Xmx2048m -Dfile.encoding=UTF-8 -Duser.country=US -Duser.language=en -Duser.variant org.gradle.launcher.daemon.bootstrap.GradleDaemon 6.7.1

Host: Intel(R) Core(TM) i5-6300U CPU @ 2.40GHz, 4 cores, 7G,  Windows 10 , 64 bit Build 19041 (10.0.19041.1202)
Time: Sun Oct 31 23:34:09 2021 SE Asia Standard Time elapsed time: 20.441593 seconds (0d 0h 0m 20s)

---------------  T H R E A D  ---------------

Current thread (0x000001bb7f8c1000):  JavaThread "C2 CompilerThread0" daemon [_thread_in_native, id=5932, stack(0x000000808b800000,0x000000808b900000)]


Current CompileTask:
C2:  20441 1935   !   4       java.util.zip.InflaterInputStream::read (138 bytes)

Stack: [0x000000808b800000,0x000000808b900000]
Native frames: (J=compiled Java code, j=interpreted, Vv=VM code, C=native code)
V  [jvm.dll+0x5ecfaa]
V  [jvm.dll+0x722bd5]
V  [jvm.dll+0x72412d]
V  [jvm.dll+0x7247e3]
V  [jvm.dll+0x242928]
V  [jvm.dll+0xbc4fc]
V  [jvm.dll+0xbca0c]
V  [jvm.dll+0x352d3b]
V  [jvm.dll+0x320ad3]
V  [jvm.dll+0x31ffca]
V  [jvm.dll+0x1fb602]
V  [jvm.dll+0x1fa7f4]
V  [jvm.dll+0x18354c]
V  [jvm.dll+0x208ee7]
V  [jvm.dll+0x207731]
V  [jvm.dll+0x6eb1cf]
V  [jvm.dll+0x6e3d45]
V  [jvm.dll+0x5ebe96]
C  [ucrtbase.dll+0x21bb2]
C  [KERNEL32.DLL+0x17034]
C  [ntdll.dll+0x52651]


---------------  P R O C E S S  ---------------

Threads class SMR info:
_java_thread_list=0x000001bb0b890ff0, length=22, elements={
0x000001bb6bcce800, 0x000001bb7f89b800, 0x000001bb7f89f800, 0x000001bb7fa32800,
0x000001bb7f8b2000, 0x000001bb7f8b6000, 0x000001bb7f8c1000, 0x000001bb7f8c5000,
0x000001bb7f8ed800, 0x000001bb7fb66000, 0x000001bb06e06800, 0x000001bb0ae63000,
0x000001bb0b281800, 0x000001bb0b321000, 0x000001bb0add9000, 0x000001bb0b595000,
0x000001bb0ac4c800, 0x000001bb0ab7f800, 0x000001bb0ab80000, 0x000001bb0b645000,
0x000001bb0b646000, 0x000001bb0b643800
}

Java Threads: ( => current thread )
  0x000001bb6bcce800 JavaThread "main" [_thread_blocked, id=14196, stack(0x000000808ac00000,0x000000808ad00000)]
  0x000001bb7f89b800 JavaThread "Reference Handler" daemon [_thread_blocked, id=9684, stack(0x000000808b300000,0x000000808b400000)]
  0x000001bb7f89f800 JavaThread "Finalizer" daemon [_thread_blocked, id=6456, stack(0x000000808b400000,0x000000808b500000)]
  0x000001bb7fa32800 JavaThread "Signal Dispatcher" daemon [_thread_blocked, id=2804, stack(0x000000808b500000,0x000000808b600000)]
  0x000001bb7f8b2000 JavaThread "Attach Listener" daemon [_thread_blocked, id=4440, stack(0x000000808b600000,0x000000808b700000)]
  0x000001bb7f8b6000 JavaThread "Service Thread" daemon [_thread_blocked, id=8636, stack(0x000000808b700000,0x000000808b800000)]
=>0x000001bb7f8c1000 JavaThread "C2 CompilerThread0" daemon [_thread_in_native, id=5932, stack(0x000000808b800000,0x000000808b900000)]
  0x000001bb7f8c5000 JavaThread "C1 CompilerThread0" daemon [_thread_blocked, id=968, stack(0x000000808b900000,0x000000808ba00000)]
  0x000001bb7f8ed800 JavaThread "Sweeper thread" daemon [_thread_blocked, id=12668, stack(0x000000808ba00000,0x000000808bb00000)]
  0x000001bb7fb66000 JavaThread "Common-Cleaner" daemon [_thread_blocked, id=7704, stack(0x000000808bb00000,0x000000808bc00000)]
  0x000001bb06e06800 JavaThread "Daemon health stats" [_thread_blocked, id=6172, stack(0x000000808bf00000,0x000000808c000000)]
  0x000001bb0ae63000 JavaThread "Incoming local TCP Connector on port 50919" [_thread_in_native, id=3156, stack(0x000000808c200000,0x000000808c300000)]
  0x000001bb0b281800 JavaThread "Daemon periodic checks" [_thread_blocked, id=12172, stack(0x000000808c300000,0x000000808c400000)]
  0x000001bb0b321000 JavaThread "Daemon" [_thread_blocked, id=13788, stack(0x000000808c400000,0x000000808c500000)]
  0x000001bb0add9000 JavaThread "Handler for socket connection from /127.0.0.1:50919 to /127.0.0.1:50920" [_thread_in_native, id=11336, stack(0x000000808c500000,0x000000808c600000)]
  0x000001bb0b595000 JavaThread "Cancel handler" [_thread_blocked, id=10496, stack(0x000000808c600000,0x000000808c700000)]
  0x000001bb0ac4c800 JavaThread "Daemon worker" [_thread_in_native, id=12924, stack(0x000000808c700000,0x000000808c800000)]
  0x000001bb0ab7f800 JavaThread "Asynchronous log dispatcher for DefaultDaemonConnection: socket connection from /127.0.0.1:50919 to /127.0.0.1:50920" [_thread_blocked, id=9604, stack(0x000000808c800000,0x000000808c900000)]
  0x000001bb0ab80000 JavaThread "Stdin handler" [_thread_blocked, id=14020, stack(0x000000808c900000,0x000000808ca00000)]
  0x000001bb0b645000 JavaThread "Thread-8" [_thread_blocked, id=13568, stack(0x000000808ca00000,0x000000808cb00000)]
  0x000001bb0b646000 JavaThread "Cache worker for file hash cache (C:\Users\Admin\.gradle\caches\6.7.1\fileHashes)" [_thread_blocked, id=3272, stack(0x000000808cc00000,0x000000808cd00000)]
  0x000001bb0b643800 JavaThread "File lock request listener" [_thread_in_native, id=11144, stack(0x000000808cd00000,0x000000808ce00000)]

Other Threads:
  0x000001bb7f894000 VMThread "VM Thread" [stack: 0x000000808b200000,0x000000808b300000] [id=10800]
  0x000001bb7fbd1000 WatcherThread [stack: 0x000000808bc00000,0x000000808bd00000] [id=14264]
  0x000001bb6bce3000 GCTaskThread "GC Thread#0" [stack: 0x000000808ad00000,0x000000808ae00000] [id=1580]
  0x000001bb0681a800 GCTaskThread "GC Thread#1" [stack: 0x000000808bd00000,0x000000808be00000] [id=5980]
  0x000001bb06de1800 GCTaskThread "GC Thread#2" [stack: 0x000000808be00000,0x000000808bf00000] [id=16296]
  0x000001bb0ac2f000 GCTaskThread "GC Thread#3" [stack: 0x000000808cb00000,0x000000808cc00000] [id=1908]
  0x000001bb6bd12800 ConcurrentGCThread "G1 Main Marker" [stack: 0x000000808ae00000,0x000000808af00000] [id=3736]
  0x000001bb6bd15000 ConcurrentGCThread "G1 Conc#0" [stack: 0x000000808af00000,0x000000808b000000] [id=14304]
  0x000001bb6bda4800 ConcurrentGCThread "G1 Refine#0" [stack: 0x000000808b000000,0x000000808b100000] [id=7000]
  0x000001bb6bda5800 ConcurrentGCThread "G1 Young RemSet Sampling" [stack: 0x000000808b100000,0x000000808b200000] [id=15708]

Threads with active compile tasks:
C2 CompilerThread0  20507 1935   !   4       java.util.zip.InflaterInputStream::read (138 bytes)

VM state:not at safepoint (normal execution)

VM Mutex/Monitor currently owned by a thread: None

OutOfMemory and StackOverflow Exception counts:
OutOfMemoryError java_heap_errors=1
LinkageErrors=25

Heap address: 0x0000000080000000, size: 2048 MB, Compressed Oops mode: 32-bit
Narrow klass base: 0x0000000000000000, Narrow klass shift: 3
Compressed class space size: 1073741824 Address: 0x0000000100000000

Heap:
 garbage-first heap   total 131072K, used 19516K [0x0000000080000000, 0x0000000100000000)
  region size 1024K, 9 young (9216K), 5 survivors (5120K)
 Metaspace       used 21128K, capacity 21717K, committed 21760K, reserved 1069056K
  class space    used 2614K, capacity 2812K, committed 2816K, reserved 1048576K
Heap Regions: E=young(eden), S=young(survivor), O=old, HS=humongous(starts), HC=humongous(continues), CS=collection set, F=free, A=archive, TAMS=top-at-mark-start (previous, next)
|   0|0x0000000080000000, 0x0000000080100000, 0x0000000080100000|100%| O|  |TAMS 0x0000000080100000, 0x0000000080000000| Untracked 
|   1|0x0000000080100000, 0x0000000080200000, 0x0000000080200000|100%| O|  |TAMS 0x0000000080200000, 0x0000000080100000| Untracked 
|   2|0x0000000080200000, 0x0000000080300000, 0x0000000080300000|100%| O|  |TAMS 0x0000000080300000, 0x0000000080200000| Untracked 
|   3|0x0000000080300000, 0x0000000080400000, 0x0000000080400000|100%|HS|  |TAMS 0x0000000080400000, 0x0000000080300000| Complete 
|   4|0x0000000080400000, 0x0000000080500000, 0x0000000080500000|100%|HC|  |TAMS 0x0000000080500000, 0x0000000080400000| Complete 
|   5|0x0000000080500000, 0x0000000080600000, 0x0000000080600000|100%|HC|  |TAMS 0x0000000080600000, 0x0000000080500000| Complete 
|   6|0x0000000080600000, 0x0000000080700000, 0x0000000080700000|100%| O|  |TAMS 0x0000000080700000, 0x0000000080600000| Untracked 
|   7|0x0000000080700000, 0x0000000080800000, 0x0000000080800000|100%| O|  |TAMS 0x0000000080800000, 0x0000000080700000| Untracked 
|   8|0x0000000080800000, 0x0000000080900000, 0x0000000080900000|100%| O|  |TAMS 0x0000000080900000, 0x0000000080800000| Untracked 
|   9|0x0000000080900000, 0x0000000080a00000, 0x0000000080a00000|100%| O|  |TAMS 0x0000000080a00000, 0x0000000080900000| Untracked 
|  10|0x0000000080a00000, 0x0000000080b00000, 0x0000000080b00000|100%| O|  |TAMS 0x0000000080b00000, 0x0000000080a00000| Untracked 
|  11|0x0000000080b00000, 0x0000000080bc1e00, 0x0000000080c00000| 75%| O|  |TAMS 0x0000000080bc1e00, 0x0000000080b00000| Untracked 
|  12|0x0000000080c00000, 0x0000000080c00000, 0x0000000080d00000|  0%| F|  |TAMS 0x0000000080c00000, 0x0000000080c00000| Untracked 
|  13|0x0000000080d00000, 0x0000000080d00000, 0x0000000080e00000|  0%| F|  |TAMS 0x0000000080d00000, 0x0000000080d00000| Untracked 
|  14|0x0000000080e00000, 0x0000000080e00000, 0x0000000080f00000|  0%| F|  |TAMS 0x0000000080e00000, 0x0000000080e00000| Untracked 
|  15|0x0000000080f00000, 0x0000000080f00000, 0x0000000081000000|  0%| F|  |TAMS 0x0000000080f00000, 0x0000000080f00000| Untracked 
|  16|0x0000000081000000, 0x0000000081000000, 0x0000000081100000|  0%| F|  |TAMS 0x0000000081000000, 0x0000000081000000| Untracked 
|  17|0x0000000081100000, 0x0000000081100000, 0x0000000081200000|  0%| F|  |TAMS 0x0000000081100000, 0x0000000081100000| Untracked 
|  18|0x0000000081200000, 0x0000000081200000, 0x0000000081300000|  0%| F|  |TAMS 0x0000000081200000, 0x0000000081200000| Untracked 
|  19|0x0000000081300000, 0x0000000081300000, 0x0000000081400000|  0%| F|  |TAMS 0x0000000081300000, 0x0000000081300000| Untracked 
|  20|0x0000000081400000, 0x0000000081400000, 0x0000000081500000|  0%| F|  |TAMS 0x0000000081400000, 0x0000000081400000| Untracked 
|  21|0x0000000081500000, 0x0000000081500000, 0x0000000081600000|  0%| F|  |TAMS 0x0000000081500000, 0x0000000081500000| Untracked 
|  22|0x0000000081600000, 0x0000000081600000, 0x0000000081700000|  0%| F|  |TAMS 0x0000000081600000, 0x0000000081600000| Untracked 
|  23|0x0000000081700000, 0x0000000081700000, 0x0000000081800000|  0%| F|  |TAMS 0x0000000081700000, 0x0000000081700000| Untracked 
|  24|0x0000000081800000, 0x0000000081800000, 0x0000000081900000|  0%| F|  |TAMS 0x0000000081800000, 0x0000000081800000| Untracked 
|  25|0x0000000081900000, 0x0000000081900000, 0x0000000081a00000|  0%| F|  |TAMS 0x0000000081900000, 0x0000000081900000| Untracked 
|  26|0x0000000081a00000, 0x0000000081a00000, 0x0000000081b00000|  0%| F|  |TAMS 0x0000000081a00000, 0x0000000081a00000| Untracked 
|  27|0x0000000081b00000, 0x0000000081b00000, 0x0000000081c00000|  0%| F|  |TAMS 0x0000000081b00000, 0x0000000081b00000| Untracked 
|  28|0x0000000081c00000, 0x0000000081c00000, 0x0000000081d00000|  0%| F|  |TAMS 0x0000000081c00000, 0x0000000081c00000| Untracked 
|  29|0x0000000081d00000, 0x0000000081d00000, 0x0000000081e00000|  0%| F|  |TAMS 0x0000000081d00000, 0x0000000081d00000| Untracked 
|  30|0x0000000081e00000, 0x0000000081e00000, 0x0000000081f00000|  0%| F|  |TAMS 0x0000000081e00000, 0x0000000081e00000| Untracked 
|  31|0x0000000081f00000, 0x0000000081f00000, 0x0000000082000000|  0%| F|  |TAMS 0x0000000081f00000, 0x0000000081f00000| Untracked 
|  32|0x0000000082000000, 0x0000000082000000, 0x0000000082100000|  0%| F|  |TAMS 0x0000000082000000, 0x0000000082000000| Untracked 
|  33|0x0000000082100000, 0x0000000082100000, 0x0000000082200000|  0%| F|  |TAMS 0x0000000082100000, 0x0000000082100000| Untracked 
|  34|0x0000000082200000, 0x0000000082200000, 0x0000000082300000|  0%| F|  |TAMS 0x0000000082200000, 0x0000000082200000| Untracked 
|  35|0x0000000082300000, 0x0000000082300000, 0x0000000082400000|  0%| F|  |TAMS 0x0000000082300000, 0x0000000082300000| Untracked 
|  36|0x0000000082400000, 0x0000000082400000, 0x0000000082500000|  0%| F|  |TAMS 0x0000000082400000, 0x0000000082400000| Untracked 
|  37|0x0000000082500000, 0x0000000082500000, 0x0000000082600000|  0%| F|  |TAMS 0x0000000082500000, 0x0000000082500000| Untracked 
|  38|0x0000000082600000, 0x0000000082600000, 0x0000000082700000|  0%| F|  |TAMS 0x0000000082600000, 0x0000000082600000| Untracked 
|  39|0x0000000082700000, 0x0000000082700000, 0x0000000082800000|  0%| F|  |TAMS 0x0000000082700000, 0x0000000082700000| Untracked 
|  40|0x0000000082800000, 0x0000000082800000, 0x0000000082900000|  0%| F|  |TAMS 0x0000000082800000, 0x0000000082800000| Untracked 
|  41|0x0000000082900000, 0x0000000082900000, 0x0000000082a00000|  0%| F|  |TAMS 0x0000000082900000, 0x0000000082900000| Untracked 
|  42|0x0000000082a00000, 0x0000000082a00000, 0x0000000082b00000|  0%| F|  |TAMS 0x0000000082a00000, 0x0000000082a00000| Untracked 
|  43|0x0000000082b00000, 0x0000000082b00000, 0x0000000082c00000|  0%| F|  |TAMS 0x0000000082b00000, 0x0000000082b00000| Untracked 
|  44|0x0000000082c00000, 0x0000000082c00000, 0x0000000082d00000|  0%| F|  |TAMS 0x0000000082c00000, 0x0000000082c00000| Untracked 
|  45|0x0000000082d00000, 0x0000000082d00000, 0x0000000082e00000|  0%| F|  |TAMS 0x0000000082d00000, 0x0000000082d00000| Untracked 
|  46|0x0000000082e00000, 0x0000000082e00000, 0x0000000082f00000|  0%| F|  |TAMS 0x0000000082e00000, 0x0000000082e00000| Untracked 
|  47|0x0000000082f00000, 0x0000000082f00000, 0x0000000083000000|  0%| F|  |TAMS 0x0000000082f00000, 0x0000000082f00000| Untracked 
|  48|0x0000000083000000, 0x0000000083000000, 0x0000000083100000|  0%| F|  |TAMS 0x0000000083000000, 0x0000000083000000| Untracked 
|  49|0x0000000083100000, 0x0000000083100000, 0x0000000083200000|  0%| F|  |TAMS 0x0000000083100000, 0x0000000083100000| Untracked 
|  50|0x0000000083200000, 0x0000000083200000, 0x0000000083300000|  0%| F|  |TAMS 0x0000000083200000, 0x0000000083200000| Untracked 
|  51|0x0000000083300000, 0x0000000083300000, 0x0000000083400000|  0%| F|  |TAMS 0x0000000083300000, 0x0000000083300000| Untracked 
|  52|0x0000000083400000, 0x0000000083400000, 0x0000000083500000|  0%| F|  |TAMS 0x0000000083400000, 0x0000000083400000| Untracked 
|  53|0x0000000083500000, 0x0000000083500000, 0x0000000083600000|  0%| F|  |TAMS 0x0000000083500000, 0x0000000083500000| Untracked 
|  54|0x0000000083600000, 0x0000000083600000, 0x0000000083700000|  0%| F|  |TAMS 0x0000000083600000, 0x0000000083600000| Untracked 
|  55|0x0000000083700000, 0x0000000083700000, 0x0000000083800000|  0%| F|  |TAMS 0x0000000083700000, 0x0000000083700000| Untracked 
|  56|0x0000000083800000, 0x0000000083800000, 0x0000000083900000|  0%| F|  |TAMS 0x0000000083800000, 0x0000000083800000| Untracked 
|  57|0x0000000083900000, 0x0000000083900000, 0x0000000083a00000|  0%| F|  |TAMS 0x0000000083900000, 0x0000000083900000| Untracked 
|  58|0x0000000083a00000, 0x0000000083a00000, 0x0000000083b00000|  0%| F|  |TAMS 0x0000000083a00000, 0x0000000083a00000| Untracked 
|  59|0x0000000083b00000, 0x0000000083b00000, 0x0000000083c00000|  0%| F|  |TAMS 0x0000000083b00000, 0x0000000083b00000| Untracked 
|  60|0x0000000083c00000, 0x0000000083c00000, 0x0000000083d00000|  0%| F|  |TAMS 0x0000000083c00000, 0x0000000083c00000| Untracked 
|  61|0x0000000083d00000, 0x0000000083d00000, 0x0000000083e00000|  0%| F|  |TAMS 0x0000000083d00000, 0x0000000083d00000| Untracked 
|  62|0x0000000083e00000, 0x0000000083e00000, 0x0000000083f00000|  0%| F|  |TAMS 0x0000000083e00000, 0x0000000083e00000| Untracked 
|  63|0x0000000083f00000, 0x0000000083f00000, 0x0000000084000000|  0%| F|  |TAMS 0x0000000083f00000, 0x0000000083f00000| Untracked 
|  64|0x0000000084000000, 0x0000000084000000, 0x0000000084100000|  0%| F|  |TAMS 0x0000000084000000, 0x0000000084000000| Untracked 
|  65|0x0000000084100000, 0x0000000084100000, 0x0000000084200000|  0%| F|  |TAMS 0x0000000084100000, 0x0000000084100000| Untracked 
|  66|0x0000000084200000, 0x0000000084200000, 0x0000000084300000|  0%| F|  |TAMS 0x0000000084200000, 0x0000000084200000| Untracked 
|  67|0x0000000084300000, 0x0000000084300000, 0x0000000084400000|  0%| F|  |TAMS 0x0000000084300000, 0x0000000084300000| Untracked 
|  68|0x0000000084400000, 0x0000000084400000, 0x0000000084500000|  0%| F|  |TAMS 0x0000000084400000, 0x0000000084400000| Untracked 
|  69|0x0000000084500000, 0x0000000084500000, 0x0000000084600000|  0%| F|  |TAMS 0x0000000084500000, 0x0000000084500000| Untracked 
|  70|0x0000000084600000, 0x0000000084600000, 0x0000000084700000|  0%| F|  |TAMS 0x0000000084600000, 0x0000000084600000| Untracked 
|  71|0x0000000084700000, 0x0000000084700000, 0x0000000084800000|  0%| F|  |TAMS 0x0000000084700000, 0x0000000084700000| Untracked 
|  72|0x0000000084800000, 0x0000000084800000, 0x0000000084900000|  0%| F|  |TAMS 0x0000000084800000, 0x0000000084800000| Untracked 
|  73|0x0000000084900000, 0x0000000084900000, 0x0000000084a00000|  0%| F|  |TAMS 0x0000000084900000, 0x0000000084900000| Untracked 
|  74|0x0000000084a00000, 0x0000000084a00000, 0x0000000084b00000|  0%| F|  |TAMS 0x0000000084a00000, 0x0000000084a00000| Untracked 
|  75|0x0000000084b00000, 0x0000000084b00000, 0x0000000084c00000|  0%| F|  |TAMS 0x0000000084b00000, 0x0000000084b00000| Untracked 
|  76|0x0000000084c00000, 0x0000000084c00000, 0x0000000084d00000|  0%| F|  |TAMS 0x0000000084c00000, 0x0000000084c00000| Untracked 
|  77|0x0000000084d00000, 0x0000000084d00000, 0x0000000084e00000|  0%| F|  |TAMS 0x0000000084d00000, 0x0000000084d00000| Untracked 
|  78|0x0000000084e00000, 0x0000000084e00000, 0x0000000084f00000|  0%| F|  |TAMS 0x0000000084e00000, 0x0000000084e00000| Untracked 
|  79|0x0000000084f00000, 0x0000000084f00000, 0x0000000085000000|  0%| F|  |TAMS 0x0000000084f00000, 0x0000000084f00000| Untracked 
|  80|0x0000000085000000, 0x0000000085000000, 0x0000000085100000|  0%| F|  |TAMS 0x0000000085000000, 0x0000000085000000| Untracked 
|  81|0x0000000085100000, 0x0000000085100000, 0x0000000085200000|  0%| F|  |TAMS 0x0000000085100000, 0x0000000085100000| Untracked 
|  82|0x0000000085200000, 0x0000000085200000, 0x0000000085300000|  0%| F|  |TAMS 0x0000000085200000, 0x0000000085200000| Untracked 
|  83|0x0000000085300000, 0x0000000085300000, 0x0000000085400000|  0%| F|  |TAMS 0x0000000085300000, 0x0000000085300000| Untracked 
|  84|0x0000000085400000, 0x0000000085400000, 0x0000000085500000|  0%| F|  |TAMS 0x0000000085400000, 0x0000000085400000| Untracked 
|  85|0x0000000085500000, 0x0000000085500000, 0x0000000085600000|  0%| F|  |TAMS 0x0000000085500000, 0x0000000085500000| Untracked 
|  86|0x0000000085600000, 0x0000000085600000, 0x0000000085700000|  0%| F|  |TAMS 0x0000000085600000, 0x0000000085600000| Untracked 
|  87|0x0000000085700000, 0x0000000085700000, 0x0000000085800000|  0%| F|  |TAMS 0x0000000085700000, 0x0000000085700000| Untracked 
|  88|0x0000000085800000, 0x0000000085800000, 0x0000000085900000|  0%| F|  |TAMS 0x0000000085800000, 0x0000000085800000| Untracked 
|  89|0x0000000085900000, 0x0000000085900000, 0x0000000085a00000|  0%| F|  |TAMS 0x0000000085900000, 0x0000000085900000| Untracked 
|  90|0x0000000085a00000, 0x0000000085a00000, 0x0000000085b00000|  0%| F|  |TAMS 0x0000000085a00000, 0x0000000085a00000| Untracked 
|  91|0x0000000085b00000, 0x0000000085b00000, 0x0000000085c00000|  0%| F|  |TAMS 0x0000000085b00000, 0x0000000085b00000| Untracked 
|  92|0x0000000085c00000, 0x0000000085c00000, 0x0000000085d00000|  0%| F|  |TAMS 0x0000000085c00000, 0x0000000085c00000| Untracked 
|  93|0x0000000085d00000, 0x0000000085d00000, 0x0000000085e00000|  0%| F|  |TAMS 0x0000000085d00000, 0x0000000085d00000| Untracked 
|  94|0x0000000085e00000, 0x0000000085e00000, 0x0000000085f00000|  0%| F|  |TAMS 0x0000000085e00000, 0x0000000085e00000| Untracked 
|  95|0x0000000085f00000, 0x0000000085f00000, 0x0000000086000000|  0%| F|  |TAMS 0x0000000085f00000, 0x0000000085f00000| Untracked 
|  96|0x0000000086000000, 0x000000008604d310, 0x0000000086100000| 30%| S|CS|TAMS 0x0000000086000000, 0x0000000086000000| Complete 
|  97|0x0000000086100000, 0x0000000086200000, 0x0000000086200000|100%| S|CS|TAMS 0x0000000086100000, 0x0000000086100000| Complete 
|  98|0x0000000086200000, 0x0000000086300000, 0x0000000086300000|100%| S|CS|TAMS 0x0000000086200000, 0x0000000086200000| Complete 
|  99|0x0000000086300000, 0x0000000086400000, 0x0000000086400000|100%| S|CS|TAMS 0x0000000086300000, 0x0000000086300000| Complete 
| 100|0x0000000086400000, 0x0000000086500000, 0x0000000086500000|100%| S|CS|TAMS 0x0000000086400000, 0x0000000086400000| Complete 
| 101|0x0000000086500000, 0x0000000086500000, 0x0000000086600000|  0%| F|  |TAMS 0x0000000086500000, 0x0000000086500000| Untracked 
| 102|0x0000000086600000, 0x0000000086600000, 0x0000000086700000|  0%| F|  |TAMS 0x0000000086600000, 0x0000000086600000| Untracked 
| 103|0x0000000086700000, 0x0000000086700000, 0x0000000086800000|  0%| F|  |TAMS 0x0000000086700000, 0x0000000086700000| Untracked 
| 104|0x0000000086800000, 0x0000000086800000, 0x0000000086900000|  0%| F|  |TAMS 0x0000000086800000, 0x0000000086800000| Untracked 
| 105|0x0000000086900000, 0x0000000086900000, 0x0000000086a00000|  0%| F|  |TAMS 0x0000000086900000, 0x0000000086900000| Untracked 
| 106|0x0000000086a00000, 0x0000000086a00000, 0x0000000086b00000|  0%| F|  |TAMS 0x0000000086a00000, 0x0000000086a00000| Untracked 
| 107|0x0000000086b00000, 0x0000000086b00000, 0x0000000086c00000|  0%| F|  |TAMS 0x0000000086b00000, 0x0000000086b00000| Untracked 
| 108|0x0000000086c00000, 0x0000000086c00000, 0x0000000086d00000|  0%| F|  |TAMS 0x0000000086c00000, 0x0000000086c00000| Untracked 
| 109|0x0000000086d00000, 0x0000000086d00000, 0x0000000086e00000|  0%| F|  |TAMS 0x0000000086d00000, 0x0000000086d00000| Untracked 
| 110|0x0000000086e00000, 0x0000000086e00000, 0x0000000086f00000|  0%| F|  |TAMS 0x0000000086e00000, 0x0000000086e00000| Untracked 
| 111|0x0000000086f00000, 0x0000000086f00000, 0x0000000087000000|  0%| F|  |TAMS 0x0000000086f00000, 0x0000000086f00000| Untracked 
| 112|0x0000000087000000, 0x0000000087000000, 0x0000000087100000|  0%| F|  |TAMS 0x0000000087000000, 0x0000000087000000| Untracked 
| 113|0x0000000087100000, 0x0000000087100000, 0x0000000087200000|  0%| F|  |TAMS 0x0000000087100000, 0x0000000087100000| Untracked 
| 114|0x0000000087200000, 0x0000000087200000, 0x0000000087300000|  0%| F|  |TAMS 0x0000000087200000, 0x0000000087200000| Untracked 
| 115|0x0000000087300000, 0x0000000087300000, 0x0000000087400000|  0%| F|  |TAMS 0x0000000087300000, 0x0000000087300000| Untracked 
| 116|0x0000000087400000, 0x0000000087400000, 0x0000000087500000|  0%| F|  |TAMS 0x0000000087400000, 0x0000000087400000| Untracked 
| 117|0x0000000087500000, 0x0000000087500000, 0x0000000087600000|  0%| F|  |TAMS 0x0000000087500000, 0x0000000087500000| Untracked 
| 118|0x0000000087600000, 0x0000000087600000, 0x0000000087700000|  0%| F|  |TAMS 0x0000000087600000, 0x0000000087600000| Untracked 
| 119|0x0000000087700000, 0x0000000087700000, 0x0000000087800000|  0%| F|  |TAMS 0x0000000087700000, 0x0000000087700000| Untracked 
| 120|0x0000000087800000, 0x0000000087800000, 0x0000000087900000|  0%| F|  |TAMS 0x0000000087800000, 0x0000000087800000| Untracked 
| 121|0x0000000087900000, 0x0000000087900000, 0x0000000087a00000|  0%| F|  |TAMS 0x0000000087900000, 0x0000000087900000| Untracked 
| 122|0x0000000087a00000, 0x0000000087a00000, 0x0000000087b00000|  0%| F|  |TAMS 0x0000000087a00000, 0x0000000087a00000| Untracked 
| 123|0x0000000087b00000, 0x0000000087b00000, 0x0000000087c00000|  0%| F|  |TAMS 0x0000000087b00000, 0x0000000087b00000| Untracked 
| 124|0x0000000087c00000, 0x0000000087c76610, 0x0000000087d00000| 46%| E|  |TAMS 0x0000000087c00000, 0x0000000087c00000| Complete 
| 125|0x0000000087d00000, 0x0000000087e00000, 0x0000000087e00000|100%| E|CS|TAMS 0x0000000087d00000, 0x0000000087d00000| Complete 
| 126|0x0000000087e00000, 0x0000000087f00000, 0x0000000087f00000|100%| E|CS|TAMS 0x0000000087e00000, 0x0000000087e00000| Complete 
| 127|0x0000000087f00000, 0x0000000088000000, 0x0000000088000000|100%| E|CS|TAMS 0x0000000087f00000, 0x0000000087f00000| Complete 

Card table byte_map: [0x000001bb7ebc0000,0x000001bb7efc0000] _byte_map_base: 0x000001bb7e7c0000

Marking Bits (Prev, Next): (CMBitMap*) 0x000001bb6bd09e70, (CMBitMap*) 0x000001bb6bd09e38
 Prev Bits: [0x000001bb02000000, 0x000001bb04000000)
 Next Bits: [0x000001bb00000000, 0x000001bb02000000)

Polling page: 0x000001bb69c10000

Metaspace:

Usage:
  Non-class:     18.46 MB capacity,    18.10 MB ( 98%) used,   329.36 KB (  2%) free+waste,    37.63 KB ( <1%) overhead. 
      Class:      2.75 MB capacity,     2.56 MB ( 93%) used,   172.48 KB (  6%) free+waste,    18.75 KB ( <1%) overhead. 
       Both:     21.21 MB capacity,    20.66 MB ( 97%) used,   501.84 KB (  2%) free+waste,    56.38 KB ( <1%) overhead. 

Virtual space:
  Non-class space:       20.00 MB reserved,      18.50 MB ( 93%) committed 
      Class space:        1.00 GB reserved,       2.75 MB ( <1%) committed 
             Both:        1.02 GB reserved,      21.25 MB (  2%) committed 

Chunk freelists:
   Non-Class:  39.00 KB
       Class:  4.00 KB
        Both:  43.00 KB

MaxMetaspaceSize: 17179869184.00 GB
CompressedClassSpaceSize: 1.00 GB

CodeHeap 'non-profiled nmethods': size=120064Kb used=802Kb max_used=802Kb free=119261Kb
 bounds [0x000001bb77280000, 0x000001bb774f0000, 0x000001bb7e7c0000]
CodeHeap 'profiled nmethods': size=120000Kb used=4161Kb max_used=4161Kb free=115838Kb
 bounds [0x000001bb6fd50000, 0x000001bb70170000, 0x000001bb77280000]
CodeHeap 'non-nmethods': size=5696Kb used=1131Kb max_used=1144Kb free=4564Kb
 bounds [0x000001bb6f7c0000, 0x000001bb6fa30000, 0x000001bb6fd50000]
 total_blobs=2403 nmethods=1943 adapters=371
 compilation: enabled
              stopped_count=0, restarted_count=0
 full_count=0

Compilation events (20 events):
Event: 20.338 Thread 0x000001bb7f8c5000 nmethod 1928 0x000001bb7015a310 code [0x000001bb7015a520, 0x000001bb7015aa58]
Event: 20.341 Thread 0x000001bb7f8c5000 1929       3       java.lang.String::substring (68 bytes)
Event: 20.342 Thread 0x000001bb7f8c5000 nmethod 1929 0x000001bb7015ac90 code [0x000001bb7015aee0, 0x000001bb7015b618]
Event: 20.342 Thread 0x000001bb7f8c5000 1930  s    3       java.util.Vector::addElement (24 bytes)
Event: 20.342 Thread 0x000001bb7f8c5000 nmethod 1930 0x000001bb7015b890 code [0x000001bb7015baa0, 0x000001bb7015c1b8]
Event: 20.343 Thread 0x000001bb7f8c5000 1931       3       java.lang.ClassLoader::addClass (9 bytes)
Event: 20.343 Thread 0x000001bb7f8c5000 nmethod 1931 0x000001bb7015c410 code [0x000001bb7015c5c0, 0x000001bb7015c788]
Event: 20.368 Thread 0x000001bb7f8c5000 1932       3       java.lang.ref.ReferenceQueue::reallyPoll (65 bytes)
Event: 20.368 Thread 0x000001bb7f8c5000 nmethod 1932 0x000001bb7015c890 code [0x000001bb7015ca80, 0x000001bb7015cf78]
Event: 20.371 Thread 0x000001bb7f8c1000 1933   !   4       java.util.zip.ZipFile$ZipFileInputStream::close (59 bytes)
Event: 20.383 Thread 0x000001bb7f8c1000 nmethod 1933 0x000001bb77346410 code [0x000001bb773465e0, 0x000001bb77346d78]
Event: 20.383 Thread 0x000001bb7f8c1000 1934       4       java.util.Collections$SetFromMap::remove (19 bytes)
Event: 20.399 Thread 0x000001bb7f8c1000 nmethod 1934 0x000001bb77347210 code [0x000001bb773473c0, 0x000001bb77347848]
Event: 20.409 Thread 0x000001bb7f8c1000 1935   !   4       java.util.zip.InflaterInputStream::read (138 bytes)
Event: 20.431 Thread 0x000001bb7f8c5000 1938       3       jdk.internal.org.objectweb.asm.MethodVisitor::<init> (35 bytes)
Event: 20.431 Thread 0x000001bb7f8c5000 nmethod 1938 0x000001bb7015d090 code [0x000001bb7015d260, 0x000001bb7015d548]
Event: 20.432 Thread 0x000001bb7f8c5000 1940       3       java.lang.invoke.InnerClassLambdaMetafactory::getLoadOpcode (25 bytes)
Event: 20.432 Thread 0x000001bb7f8c5000 nmethod 1940 0x000001bb7015d690 code [0x000001bb7015d860, 0x000001bb7015da78]
Event: 20.432 Thread 0x000001bb7f8c5000 1941       3       java.lang.invoke.InnerClassLambdaMetafactory::getParameterSize (27 bytes)
Event: 20.432 Thread 0x000001bb7f8c5000 nmethod 1941 0x000001bb7015db90 code [0x000001bb7015dd40, 0x000001bb7015df18]

GC Heap History (10 events):
Event: 2.308 GC heap before
{Heap before GC invocations=0 (full 0):
 garbage-first heap   total 131072K, used 19456K [0x0000000080000000, 0x0000000100000000)
  region size 1024K, 14 young (14336K), 0 survivors (0K)
 Metaspace       used 7643K, capacity 7823K, committed 8064K, reserved 1056768K
  class space    used 705K, capacity 780K, committed 896K, reserved 1048576K
}
Event: 2.561 GC heap after
{Heap after GC invocations=1 (full 0):
 garbage-first heap   total 131072K, used 7968K [0x0000000080000000, 0x0000000100000000)
  region size 1024K, 2 young (2048K), 2 survivors (2048K)
 Metaspace       used 7643K, capacity 7823K, committed 8064K, reserved 1056768K
  class space    used 705K, capacity 780K, committed 896K, reserved 1048576K
}
Event: 3.617 GC heap before
{Heap before GC invocations=1 (full 0):
 garbage-first heap   total 131072K, used 15136K [0x0000000080000000, 0x0000000100000000)
  region size 1024K, 9 young (9216K), 2 survivors (2048K)
 Metaspace       used 9756K, capacity 9932K, committed 10112K, reserved 1058816K
  class space    used 1007K, capacity 1060K, committed 1152K, reserved 1048576K
}
Event: 3.622 GC heap after
{Heap after GC invocations=2 (full 0):
 garbage-first heap   total 131072K, used 8519K [0x0000000080000000, 0x0000000100000000)
  region size 1024K, 1 young (1024K), 1 survivors (1024K)
 Metaspace       used 9756K, capacity 9932K, committed 10112K, reserved 1058816K
  class space    used 1007K, capacity 1060K, committed 1152K, reserved 1048576K
}
Event: 5.261 GC heap before
{Heap before GC invocations=2 (full 0):
 garbage-first heap   total 131072K, used 32071K [0x0000000080000000, 0x0000000100000000)
  region size 1024K, 24 young (24576K), 1 survivors (1024K)
 Metaspace       used 10670K, capacity 10821K, committed 11008K, reserved 1058816K
  class space    used 1108K, capacity 1164K, committed 1280K, reserved 1048576K
}
Event: 5.265 GC heap after
{Heap after GC invocations=3 (full 0):
 garbage-first heap   total 131072K, used 11212K [0x0000000080000000, 0x0000000100000000)
  region size 1024K, 3 young (3072K), 3 survivors (3072K)
 Metaspace       used 10670K, capacity 10821K, committed 11008K, reserved 1058816K
  class space    used 1108K, capacity 1164K, committed 1280K, reserved 1048576K
}
Event: 19.022 GC heap before
{Heap before GC invocations=3 (full 0):
 garbage-first heap   total 131072K, used 46028K [0x0000000080000000, 0x0000000100000000)
  region size 1024K, 38 young (38912K), 3 survivors (3072K)
 Metaspace       used 17057K, capacity 17425K, committed 17536K, reserved 1064960K
  class space    used 1968K, capacity 2075K, committed 2176K, reserved 1048576K
}
Event: 19.045 GC heap after
{Heap after GC invocations=4 (full 0):
 garbage-first heap   total 131072K, used 15185K [0x0000000080000000, 0x0000000100000000)
  region size 1024K, 5 young (5120K), 5 survivors (5120K)
 Metaspace       used 17057K, capacity 17425K, committed 17536K, reserved 1064960K
  class space    used 1968K, capacity 2075K, committed 2176K, reserved 1048576K
}
Event: 20.355 GC heap before
{Heap before GC invocations=4 (full 0):
 garbage-first heap   total 131072K, used 40785K [0x0000000080000000, 0x0000000100000000)
  region size 1024K, 32 young (32768K), 5 survivors (5120K)
 Metaspace       used 20644K, capacity 21093K, committed 21248K, reserved 1067008K
  class space    used 2529K, capacity 2710K, committed 2816K, reserved 1048576K
}
Event: 20.367 GC heap after
{Heap after GC invocations=5 (full 0):
 garbage-first heap   total 131072K, used 16444K [0x0000000080000000, 0x0000000100000000)
  region size 1024K, 5 young (5120K), 5 survivors (5120K)
 Metaspace       used 20644K, capacity 21093K, committed 21248K, reserved 1067008K
  class space    used 2529K, capacity 2710K, committed 2816K, reserved 1048576K
}

Deoptimization events (20 events):
Event: 20.147 Thread 0x000001bb0ac4c800 Uncommon trap: trap_request=0xffffffc6 fr.pc=0x000001bb772e25a4 relative=0x0000000000000084
Event: 20.147 Thread 0x000001bb0ac4c800 Uncommon trap: reason=bimorphic_or_optimized_type_check action=maybe_recompile pc=0x000001bb772e25a4 method=java.util.AbstractList$Itr.hasNext()Z @ 8 c2
Event: 20.147 Thread 0x000001bb0ac4c800 DEOPT PACKING pc=0x000001bb772e25a4 sp=0x000000808c7faf00
Event: 20.147 Thread 0x000001bb0ac4c800 DEOPT UNPACKING pc=0x000001bb6f7e78af sp=0x000000808c7fae98 mode 2
Event: 20.147 Thread 0x000001bb0ac4c800 Uncommon trap: trap_request=0xffffffc6 fr.pc=0x000001bb772e2954 relative=0x0000000000000114
Event: 20.147 Thread 0x000001bb0ac4c800 Uncommon trap: reason=bimorphic_or_optimized_type_check action=maybe_recompile pc=0x000001bb772e2954 method=java.util.AbstractList$Itr.next()Ljava/lang/Object; @ 14 c2
Event: 20.147 Thread 0x000001bb0ac4c800 DEOPT PACKING pc=0x000001bb772e2954 sp=0x000000808c7faef0
Event: 20.147 Thread 0x000001bb0ac4c800 DEOPT UNPACKING pc=0x000001bb6f7e78af sp=0x000000808c7fae88 mode 2
Event: 20.147 Thread 0x000001bb0ac4c800 Uncommon trap: trap_request=0xffffff4d fr.pc=0x000001bb772de578 relative=0x00000000000005b8
Event: 20.147 Thread 0x000001bb0ac4c800 Uncommon trap: reason=unstable_if action=reinterpret pc=0x000001bb772de578 method=java.io.File.getName()Ljava/lang/String; @ 16 c2
Event: 20.147 Thread 0x000001bb0ac4c800 DEOPT PACKING pc=0x000001bb772de578 sp=0x000000808c7fb8a0
Event: 20.147 Thread 0x000001bb0ac4c800 DEOPT UNPACKING pc=0x000001bb6f7e78af sp=0x000000808c7fb870 mode 2
Event: 20.147 Thread 0x000001bb0ac4c800 Uncommon trap: trap_request=0xffffff4d fr.pc=0x000001bb772dd310 relative=0x0000000000000450
Event: 20.147 Thread 0x000001bb0ac4c800 Uncommon trap: reason=unstable_if action=reinterpret pc=0x000001bb772dd310 method=java.lang.String.substring(I)Ljava/lang/String; @ 34 c2
Event: 20.147 Thread 0x000001bb0ac4c800 DEOPT PACKING pc=0x000001bb772dd310 sp=0x000000808c7fb820
Event: 20.147 Thread 0x000001bb0ac4c800 DEOPT UNPACKING pc=0x000001bb6f7e78af sp=0x000000808c7fb7f8 mode 2
Event: 20.432 Thread 0x000001bb0ac4c800 Uncommon trap: trap_request=0xffffff4d fr.pc=0x000001bb77340458 relative=0x0000000000000398
Event: 20.432 Thread 0x000001bb0ac4c800 Uncommon trap: reason=unstable_if action=reinterpret pc=0x000001bb77340458 method=jdk.internal.org.objectweb.asm.Type.getArgumentsAndReturnSizes(Ljava/lang/String;)I @ 88 c2
Event: 20.432 Thread 0x000001bb0ac4c800 DEOPT PACKING pc=0x000001bb77340458 sp=0x000000808c7fa710
Event: 20.432 Thread 0x000001bb0ac4c800 DEOPT UNPACKING pc=0x000001bb6f7e78af sp=0x000000808c7fa698 mode 2

Classes redefined (0 events):
No events

Internal exceptions (20 events):
Event: 7.472 Thread 0x000001bb6bcce800 Exception <a 'java/lang/NoSuchMethodError'{0x0000000086807a98}: 'java.lang.Object java.lang.invoke.DirectMethodHandle$Holder.invokeStaticInit(java.lang.Object, java.lang.Object, java.lang.Object)'> (0x0000000086807a98) thrown at [./src/hotspot/share/interpreter/linkResolver.cpp, line 773]
Event: 7.851 Thread 0x000001bb6bcce800 Exception <a 'java/lang/NoSuchMethodError'{0x00000000861b1b30}: 'java.lang.Object java.lang.invoke.Invokers$Holder.invoker(java.lang.Object, java.lang.Object, java.lang.Object, java.lang.Object, java.lang.Object)'> (0x00000000861b1b30) thrown at [./src/hotspot/share/interpreter/linkResolver.cpp, line 773]
Event: 7.859 Thread 0x000001bb6bcce800 Exception <a 'java/lang/NoSuchMethodError'{0x00000000861c27a8}: 'void java.lang.invoke.DelegatingMethodHandle$Holder.delegate(java.lang.Object, java.lang.Object, int, java.lang.Object)'> (0x00000000861c27a8) thrown at [./src/hotspot/share/interpreter/linkResolver.cpp, line 773]
Event: 7.991 Thread 0x000001bb6bcce800 Exception <a 'java/lang/NoSuchMethodError'{0x000000008607df48}: 'java.lang.Object java.lang.invoke.DirectMethodHandle$Holder.invokeStaticInit(java.lang.Object, int, int, int, int)'> (0x000000008607df48) thrown at [./src/hotspot/share/interpreter/linkResolver.cpp, line 773]
Event: 10.448 Thread 0x000001bb6bcce800 Exception <a 'java/lang/NoSuchMethodError'{0x00000000860c0dc8}: 'java.lang.Object java.lang.invoke.DirectMethodHandle$Holder.invokeStaticInit(java.lang.Object, java.lang.Object, int, int, int, int)'> (0x00000000860c0dc8) thrown at [./src/hotspot/share/interpreter/linkResolver.cpp, line 773]
Event: 17.244 Thread 0x000001bb6bcce800 Exception <a 'java/io/IOException'{0x0000000085ec8528}> (0x0000000085ec8528) thrown at [./src/hotspot/share/prims/jni.cpp, line 615]
Event: 18.841 Thread 0x000001bb0add9000 Exception <a 'java/lang/NoSuchMethodError'{0x0000000085cd4c70}: <clinit>> (0x0000000085cd4c70) thrown at [./src/hotspot/share/prims/jni.cpp, line 1362]
Event: 18.844 Thread 0x000001bb0add9000 Exception <a 'java/lang/NoSuchMethodError'{0x0000000085cdd508}: <clinit>> (0x0000000085cdd508) thrown at [./src/hotspot/share/prims/jni.cpp, line 1362]
Event: 18.851 Thread 0x000001bb0add9000 Exception <a 'java/lang/NoSuchMethodError'{0x0000000085cf0690}: <clinit>> (0x0000000085cf0690) thrown at [./src/hotspot/share/prims/jni.cpp, line 1362]
Event: 18.877 Thread 0x000001bb0add9000 Exception <a 'java/lang/NoSuchMethodError'{0x0000000085b3eb20}: <clinit>> (0x0000000085b3eb20) thrown at [./src/hotspot/share/prims/jni.cpp, line 1362]
Event: 18.891 Thread 0x000001bb0add9000 Exception <a 'java/lang/NoSuchMethodError'{0x0000000085b7a2b8}: <clinit>> (0x0000000085b7a2b8) thrown at [./src/hotspot/share/prims/jni.cpp, line 1362]
Event: 18.906 Thread 0x000001bb0add9000 Exception <a 'java/lang/NoSuchMethodError'{0x0000000085bacdb0}: <clinit>> (0x0000000085bacdb0) thrown at [./src/hotspot/share/prims/jni.cpp, line 1362]
Event: 19.102 Thread 0x000001bb0ac4c800 Exception <a 'java/lang/NoSuchMethodError'{0x0000000087e4fa58}: 'void java.lang.invoke.DelegatingMethodHandle$Holder.reinvoke_L(java.lang.Object, java.lang.Object, java.lang.Object, java.lang.Object)'> (0x0000000087e4fa58) thrown at [./src/hotspot/share/interpreter/linkResolver.cpp, line 773]
Event: 19.122 Thread 0x000001bb0ac4c800 Exception <a 'java/lang/NoSuchMethodError'{0x0000000087ea7b60}: 'long java.lang.invoke.DirectMethodHandle$Holder.invokeInterface(java.lang.Object, java.lang.Object)'> (0x0000000087ea7b60) thrown at [./src/hotspot/share/interpreter/linkResolver.cpp, line 773]
Event: 19.141 Thread 0x000001bb0ac4c800 Exception <a 'java/lang/NoSuchMethodError'{0x0000000087ec9428}: 'void java.lang.invoke.DelegatingMethodHandle$Holder.reinvoke_L(java.lang.Object, java.lang.Object, java.lang.Object, java.lang.Object, java.lang.Object, java.lang.Object, java.lang.Object)'> (0x0000000087ec9428) thrown at [./src/hotspot/share/interpreter/linkResolver.cpp, line 773]
Event: 19.874 Thread 0x000001bb0ac4c800 Exception <a 'java/lang/NoSuchMethodError'{0x0000000086f4ba98}: 'java.lang.Object java.lang.invoke.DirectMethodHandle$Holder.invokeVirtual(java.lang.Object, java.lang.Object, java.lang.Object)'> (0x0000000086f4ba98) thrown at [./src/hotspot/share/interpreter/linkResolver.cpp, line 773]
Event: 19.991 Thread 0x000001bb0ac4c800 Exception <a 'java/lang/NoSuchMethodError'{0x0000000086ca5548}: 'void java.lang.invoke.DirectMethodHandle$Holder.invokeStaticInit(java.lang.Object)'> (0x0000000086ca5548) thrown at [./src/hotspot/share/interpreter/linkResolver.cpp, line 773]
Event: 20.325 Thread 0x000001bb0ac4c800 Exception <a 'java/lang/NoSuchMethodError'{0x00000000866fb320}: 'int java.lang.invoke.DirectMethodHandle$Holder.invokeSpecialIFC(java.lang.Object, java.lang.Object, java.lang.Object, java.lang.Object)'> (0x00000000866fb320) thrown at [./src/hotspot/share/interpreter/linkResolver.cpp, line 773]
Event: 20.329 Thread 0x000001bb0ac4c800 Exception <a 'java/lang/NoSuchMethodError'{0x0000000086509548}: 'java.lang.Object java.lang.invoke.DirectMethodHandle$Holder.invokeInterface(java.lang.Object, java.lang.Object, java.lang.Object)'> (0x0000000086509548) thrown at [./src/hotspot/share/interpreter/linkResolver.cpp, line 773]
Event: 20.329 Thread 0x000001bb0ac4c800 Exception <a 'java/lang/IncompatibleClassChangeError'{0x000000008650ca20}: Found class java.lang.Object, but interface was expected> (0x000000008650ca20) thrown at [./src/hotspot/share/interpreter/linkResolver.cpp, line 839]

Events (20 events):
Event: 20.426 loading class org/gradle/api/attributes/HasAttributes done
Event: 20.426 loading class org/gradle/api/internal/attributes/ImmutableAttributes
Event: 20.426 loading class org/gradle/api/internal/attributes/ImmutableAttributes done
Event: 20.427 loading class org/gradle/api/internal/attributes/AttributeMergingException
Event: 20.427 loading class org/gradle/api/internal/attributes/AttributeMergingException done
Event: 20.427 loading class org/gradle/api/internal/attributes/DefaultImmutableAttributes
Event: 20.427 loading class org/gradle/api/internal/attributes/DefaultImmutableAttributes done
Event: 20.429 loading class org/gradle/api/internal/attributes/AttributeValue
Event: 20.429 loading class org/gradle/api/internal/attributes/AttributeValue done
Event: 20.430 loading class org/gradle/api/attributes/Attribute
Event: 20.430 loading class org/gradle/api/attributes/Attribute done
Event: 20.430 loading class org/gradle/api/attributes/Attribute
Event: 20.430 loading class org/gradle/api/attributes/Attribute done
Event: 20.433 loading class org/gradle/api/internal/attributes/UsageCompatibilityHandler
Event: 20.433 loading class org/gradle/api/internal/attributes/UsageCompatibilityHandler done
Event: 20.435 loading class org/gradle/composite/internal/DefaultIncludedBuildFactory
Event: 20.435 loading class org/gradle/composite/internal/DefaultIncludedBuildFactory done
Event: 20.436 loading class org/gradle/api/internal/artifacts/dsl/CapabilityNotationParserFactory
Event: 20.436 loading class org/gradle/api/internal/artifacts/dsl/CapabilityNotationParserFactory done
Event: 20.438 loading class org/gradle/api/capabilities/Capability


Dynamic libraries:
0x00007ff741920000 - 0x00007ff74192a000 	D:\Kì 7\PRM391\Android\Android Studio\jre\bin\java.exe
0x00007ffc207f0000 - 0x00007ffc209e5000 	C:\WINDOWS\SYSTEM32\ntdll.dll
0x00007ffc1e900000 - 0x00007ffc1e9be000 	C:\WINDOWS\System32\KERNEL32.DLL
0x00007ffc1e4a0000 - 0x00007ffc1e769000 	C:\WINDOWS\System32\KERNELBASE.dll
0x00007ffc1e240000 - 0x00007ffc1e340000 	C:\WINDOWS\System32\ucrtbase.dll
0x00007ffc0c290000 - 0x00007ffc0c2a9000 	D:\Kì 7\PRM391\Android\Android Studio\jre\bin\jli.dll
0x00007ffc1f4f0000 - 0x00007ffc1f691000 	C:\WINDOWS\System32\USER32.dll
0x00007ffc1df70000 - 0x00007ffc1df92000 	C:\WINDOWS\System32\win32u.dll
0x00007ffc1fbd0000 - 0x00007ffc1fbfb000 	C:\WINDOWS\System32\GDI32.dll
0x00007ffc1dff0000 - 0x00007ffc1e0fb000 	C:\WINDOWS\System32\gdi32full.dll
0x00007ffc1e7a0000 - 0x00007ffc1e83d000 	C:\WINDOWS\System32\msvcp_win.dll
0x00007ffc0cda0000 - 0x00007ffc0d03a000 	C:\WINDOWS\WinSxS\amd64_microsoft.windows.common-controls_6595b64144ccf1df_6.0.19041.1110_none_60b5254171f9507e\COMCTL32.dll
0x00007ffc1eb50000 - 0x00007ffc1ebee000 	C:\WINDOWS\System32\msvcrt.dll
0x00007ffc0b9a0000 - 0x00007ffc0b9b7000 	D:\Kì 7\PRM391\Android\Android Studio\jre\bin\VCRUNTIME140.dll
0x00007ffc20630000 - 0x00007ffc20660000 	C:\WINDOWS\System32\IMM32.DLL
0x00007ffbde8a0000 - 0x00007ffbde93d000 	D:\Kì 7\PRM391\Android\Android Studio\jre\bin\msvcp140.dll
0x00007ffbd4bc0000 - 0x00007ffbd568f000 	D:\Kì 7\PRM391\Android\Android Studio\jre\bin\server\jvm.dll
0x00007ffc1f750000 - 0x00007ffc1f7fc000 	C:\WINDOWS\System32\ADVAPI32.dll
0x00007ffc1f070000 - 0x00007ffc1f10b000 	C:\WINDOWS\System32\sechost.dll
0x00007ffc1f170000 - 0x00007ffc1f29a000 	C:\WINDOWS\System32\RPCRT4.dll
0x00007ffc1f2a0000 - 0x00007ffc1f2a8000 	C:\WINDOWS\System32\PSAPI.DLL
0x00007ffc015b0000 - 0x00007ffc015b9000 	C:\WINDOWS\SYSTEM32\WSOCK32.dll
0x00007ffc0d060000 - 0x00007ffc0d087000 	C:\WINDOWS\SYSTEM32\WINMM.dll
0x00007ffc1f800000 - 0x00007ffc1f86b000 	C:\WINDOWS\System32\WS2_32.dll
0x00007ffc13de0000 - 0x00007ffc13dea000 	C:\WINDOWS\SYSTEM32\VERSION.dll
0x00007ffc1c7e0000 - 0x00007ffc1c7f2000 	C:\WINDOWS\SYSTEM32\kernel.appcore.dll
0x00007ffc17fe0000 - 0x00007ffc17ff1000 	D:\Kì 7\PRM391\Android\Android Studio\jre\bin\verify.dll
0x00007ffc1c450000 - 0x00007ffc1c634000 	C:\WINDOWS\SYSTEM32\DBGHELP.DLL
0x00007ffc071e0000 - 0x00007ffc0720c000 	C:\WINDOWS\SYSTEM32\dbgcore.DLL
0x00007ffc1e100000 - 0x00007ffc1e183000 	C:\WINDOWS\System32\bcryptPrimitives.dll
0x00007ffc16900000 - 0x00007ffc16929000 	D:\Kì 7\PRM391\Android\Android Studio\jre\bin\java.dll
0x00007ffc1b380000 - 0x00007ffc1b38b000 	D:\Kì 7\PRM391\Android\Android Studio\jre\bin\jimage.dll
0x00007ffc168d0000 - 0x00007ffc168e8000 	D:\Kì 7\PRM391\Android\Android Studio\jre\bin\zip.dll
0x00007ffc1fd40000 - 0x00007ffc2047f000 	C:\WINDOWS\System32\SHELL32.dll
0x00007ffc1bc00000 - 0x00007ffc1c390000 	C:\WINDOWS\SYSTEM32\windows.storage.dll
0x00007ffc1f870000 - 0x00007ffc1fbc5000 	C:\WINDOWS\System32\combase.dll
0x00007ffc1d960000 - 0x00007ffc1d98c000 	C:\WINDOWS\SYSTEM32\Wldp.dll
0x00007ffc1e9c0000 - 0x00007ffc1ea6d000 	C:\WINDOWS\System32\SHCORE.dll
0x00007ffc1e8a0000 - 0x00007ffc1e8f5000 	C:\WINDOWS\System32\shlwapi.dll
0x00007ffc1de50000 - 0x00007ffc1de6f000 	C:\WINDOWS\SYSTEM32\profapi.dll
0x00007ffc168b0000 - 0x00007ffc168ca000 	D:\Kì 7\PRM391\Android\Android Studio\jre\bin\net.dll
0x00007ffc12b80000 - 0x00007ffc12c88000 	C:\WINDOWS\SYSTEM32\WINHTTP.dll
0x00007ffc1d6c0000 - 0x00007ffc1d72a000 	C:\WINDOWS\system32\mswsock.dll
0x00007ffc16890000 - 0x00007ffc168a4000 	D:\Kì 7\PRM391\Android\Android Studio\jre\bin\nio.dll
0x00007ffc0c2b0000 - 0x00007ffc0c2d7000 	C:\Users\Admin\.gradle\native\fdc75f09e3144964f2cf3f50f0aa648679c211496f362492102eb8c894070792\windows-amd64\native-platform.dll
0x00007ffbde940000 - 0x00007ffbdead6000 	C:\Users\Admin\.gradle\native\12488b8bf47d2d4c9fbf2f6322a914ad602e24e48041cd04a747c6da556b65c4\windows-amd64\native-platform-file-events.dll
0x00007ffc16880000 - 0x00007ffc1688a000 	D:\Kì 7\PRM391\Android\Android Studio\jre\bin\management.dll
0x00007ffc16870000 - 0x00007ffc1687c000 	D:\Kì 7\PRM391\Android\Android Studio\jre\bin\management_ext.dll
0x00007ffc1d8c0000 - 0x00007ffc1d8d8000 	C:\WINDOWS\SYSTEM32\CRYPTSP.dll
0x00007ffc1cfd0000 - 0x00007ffc1d004000 	C:\WINDOWS\system32\rsaenh.dll
0x00007ffc1e770000 - 0x00007ffc1e797000 	C:\WINDOWS\System32\bcrypt.dll
0x00007ffc1de10000 - 0x00007ffc1de3e000 	C:\WINDOWS\SYSTEM32\USERENV.dll
0x00007ffc1d8b0000 - 0x00007ffc1d8bc000 	C:\WINDOWS\SYSTEM32\CRYPTBASE.dll
0x00007ffc1d360000 - 0x00007ffc1d39b000 	C:\WINDOWS\SYSTEM32\IPHLPAPI.DLL
0x00007ffc1eb40000 - 0x00007ffc1eb48000 	C:\WINDOWS\System32\NSI.dll
0x00007ffc15350000 - 0x00007ffc15367000 	C:\WINDOWS\SYSTEM32\dhcpcsvc6.DLL
0x00007ffc14ac0000 - 0x00007ffc14add000 	C:\WINDOWS\SYSTEM32\dhcpcsvc.DLL
0x00007ffc1d3a0000 - 0x00007ffc1d46c000 	C:\WINDOWS\SYSTEM32\DNSAPI.dll
0x00007ffc153c0000 - 0x00007ffc153cb000 	C:\WINDOWS\SYSTEM32\WINNSI.DLL

dbghelp: loaded successfully - version: 4.0.5 - missing functions: none
symbol engine: initialized successfully - sym options: 0x614 - pdb path: .;D:\Kì 7\PRM391\Android\Android Studio\jre\bin;C:\WINDOWS\SYSTEM32;C:\WINDOWS\WinSxS\amd64_microsoft.windows.common-controls_6595b64144ccf1df_6.0.19041.1110_none_60b5254171f9507e;D:\Kì 7\PRM391\Android\Android Studio\jre\bin\server;C:\Users\Admin\.gradle\native\fdc75f09e3144964f2cf3f50f0aa648679c211496f362492102eb8c894070792\windows-amd64;C:\Users\Admin\.gradle\native\12488b8bf47d2d4c9fbf2f6322a914ad602e24e48041cd04a747c6da556b65c4\windows-amd64

VM Arguments:
jvm_args: --add-opens=java.base/java.util=ALL-UNNAMED --add-opens=java.base/java.lang=ALL-UNNAMED --add-opens=java.base/java.lang.invoke=ALL-UNNAMED --add-opens=java.prefs/java.util.prefs=ALL-UNNAMED -Xmx2048m -Dfile.encoding=UTF-8 -Duser.country=US -Duser.language=en -Duser.variant 
java_command: org.gradle.launcher.daemon.bootstrap.GradleDaemon 6.7.1
java_class_path (initial): C:\Users\Admin\.gradle\wrapper\dists\gradle-6.7.1-bin\bwlcbys1h7rz3272sye1xwiv6\gradle-6.7.1\lib\gradle-launcher-6.7.1.jar
Launcher Type: SUN_STANDARD

[Global flags]
     intx CICompilerCount                          = 3                                         {product} {ergonomic}
     uint ConcGCThreads                            = 1                                         {product} {ergonomic}
     uint G1ConcRefinementThreads                  = 4                                         {product} {ergonomic}
   size_t G1HeapRegionSize                         = 1048576                                   {product} {ergonomic}
    uintx GCDrainStackTargetSize                   = 64                                        {product} {ergonomic}
   size_t InitialHeapSize                          = 134217728                                 {product} {ergonomic}
   size_t MarkStackSize                            = 4194304                                   {product} {ergonomic}
   size_t MaxHeapSize                              = 2147483648                                {product} {command line}
   size_t MaxNewSize                               = 1287651328                                {product} {ergonomic}
   size_t MinHeapDeltaBytes                        = 1048576                                   {product} {ergonomic}
    uintx NonNMethodCodeHeapSize                   = 5830732                                {pd product} {ergonomic}
    uintx NonProfiledCodeHeapSize                  = 122913754                              {pd product} {ergonomic}
    uintx ProfiledCodeHeapSize                     = 122913754                              {pd product} {ergonomic}
    uintx ReservedCodeCacheSize                    = 251658240                              {pd product} {ergonomic}
     bool SegmentedCodeCache                       = true                                      {product} {ergonomic}
     bool UseCompressedClassPointers               = true                                 {lp64_product} {ergonomic}
     bool UseCompressedOops                        = true                                 {lp64_product} {ergonomic}
     bool UseG1GC                                  = true                                      {product} {ergonomic}
     bool UseLargePagesIndividualAllocation        = false                                  {pd product} {ergonomic}

Logging:
Log output configuration:
 #0: stdout all=warning uptime,level,tags
 #1: stderr all=off uptime,level,tags

Environment Variables:
PATH=C:\ProgramData\Oracle\Java\javapath;C:\WINDOWS\system32;C:\WINDOWS;C:\WINDOWS\System32\Wbem;C:\WINDOWS\System32\WindowsPowerShell\v1.0\;C:\WINDOWS\System32\OpenSSH\;D:\Working\Git\cmd;C:\Program Files\MySQL\MySQL Shell 8.0\bin\;C:\Users\Admin\AppData\Local\Microsoft\WindowsApps;;C:\Users\Admin\AppData\Local\Programs\Microsoft VS Code\bin
USERNAME=Admin
OS=Windows_NT
PROCESSOR_IDENTIFIER=Intel64 Family 6 Model 78 Stepping 3, GenuineIntel



---------------  S Y S T E M  ---------------

OS: Windows 10 , 64 bit Build 19041 (10.0.19041.1202)
OS uptime: 15 days 5:06 hours

CPU:total 4 (initial active 4) (2 cores per cpu, 2 threads per core) family 6 model 78 stepping 3 microcode 0xcc, cmov, cx8, fxsr, mmx, sse, sse2, sse3, ssse3, sse4.1, sse4.2, popcnt, avx, avx2, aes, clmul, erms, rtm, 3dnowpref, lzcnt, ht, tsc, tscinvbit, bmi1, bmi2, adx, fma

Memory: 4k page, system-wide physical 8083M (341M free)
TotalPageFile size 17643M (AvailPageFile size 40M)
current process WorkingSet (physical memory assigned to process): 108M, peak: 113M
current process commit charge ("private bytes"): 241M, peak: 241M

vm_info: OpenJDK 64-Bit Server VM (11.0.10+0-b96-7249189) for windows-amd64 JRE (11.0.10+0-b96-7249189), built on Mar 31 2021 21:44:00 by "builder" with MS VC++ 14.0 (VS2015)

END.
